d:\3dprogramok\openglh\programs\skeleton\skeleton\release\vc120.pdb
d:\3dprogramok\openglh\programs\skeleton\skeleton\release\skeleton.obj
c:\3dprogramok\grafikahazi\programs\test1\programs\skeleton\skeleton\release\vc141.pdb
c:\3dprogramok\grafikahazi\programs\test1\programs\skeleton\skeleton\release\framework.obj
c:\3dprogramok\grafikahazi\programs\test1\programs\skeleton\skeleton\release\skeleton.obj
c:\3dprogramok\grafikahazi\programs\skeleton\skeleton\release\vc141.pdb
c:\3dprogramok\grafikahazi\programs\skeleton\skeleton\release\framework.obj
c:\3dprogramok\grafikahazi\programs\skeleton\skeleton\release\skeleton.obj
d:\3dprogramok\openglh\programs\skeleton\bin\skeleton.exe
d:\3dprogramok\openglh\programs\skeleton\bin\skeleton.pdb
c:\3dprogramok\grafikahazi\programs\test1\programs\skeleton\bin\skeleton.exe
c:\3dprogramok\grafikahazi\programs\test1\programs\skeleton\bin\skeleton.pdb
c:\3dprogramok\grafikahazi\programs\skeleton\bin\skeleton.exe
c:\3dprogramok\grafikahazi\programs\skeleton\bin\skeleton.pdb
c:\3dprogramok\grafikahazi\programs\test1\programs\skeleton\bin\skeleton.ipdb
c:\3dprogramok\grafikahazi\programs\test1\programs\skeleton\bin\skeleton.iobj
c:\3dprogramok\grafikahazi\programs\skeleton\bin\skeleton.ipdb
c:\3dprogramok\grafikahazi\programs\skeleton\bin\skeleton.iobj
c:\3dprogramok\grafikahazi\programs\skeleton\skeleton\release\vc120.pdb
c:\3dprogramok\grafikahazi\programs\skeleton\skeleton\release\skeleton.tlog\cl.command.1.tlog
c:\3dprogramok\grafikahazi\programs\skeleton\skeleton\release\skeleton.tlog\cl.read.1.tlog
c:\3dprogramok\grafikahazi\programs\skeleton\skeleton\release\skeleton.tlog\cl.write.1.tlog
c:\3dprogramok\grafikahazi\programs\skeleton\skeleton\release\skeleton.tlog\link.command.1.tlog
c:\3dprogramok\grafikahazi\programs\skeleton\skeleton\release\skeleton.tlog\link.read.1.tlog
c:\3dprogramok\grafikahazi\programs\skeleton\skeleton\release\skeleton.tlog\link.write.1.tlog
c:\3dprogramok\grafikahazi\programs\skeleton\skeleton\release\skeleton.tlog\skeleton.write.1u.tlog
